0 verbose cli D:\node\node.exe D:\node\node_modules\npm\bin\npm-cli.js
1 info using npm@10.9.2
2 info using node@v22.16.0
3 silly config load:file:D:\node\node_modules\npm\npmrc
4 silly config load:file:E:\projects\campass\.npmrc
5 silly config load:file:C:\Users\QiranXiao\.npmrc
6 silly config load:file:D:\npm-global\etc\npmrc
7 verbose title npm install @google/model-viewer
8 verbose argv "install" "@google/model-viewer" "--cache" ".npm-cache"
9 verbose logfile logs-max:10 dir:E:\projects\campass\.npm-cache\_logs\2026-04-17T17_32_35_484Z-
10 verbose logfile E:\projects\campass\.npm-cache\_logs\2026-04-17T17_32_35_484Z-debug-0.log
11 silly logfile done cleaning log files
12 silly packumentCache heap:4345298944 maxSize:1086324736 maxEntrySize:543162368
13 silly idealTree buildDeps
14 silly fetch manifest @google/model-viewer@*
15 silly packumentCache full:https://registry.npmjs.org/@google%2fmodel-viewer cache-miss
16 http fetch GET 200 https://registry.npmjs.org/@google%2fmodel-viewer 3202ms (cache miss)
17 silly packumentCache full:https://registry.npmjs.org/@google%2fmodel-viewer set size:undefined disposed:false
18 silly fetch manifest three@^0.182.0
19 silly packumentCache full:https://registry.npmjs.org/three cache-miss
20 http fetch GET 200 https://registry.npmjs.org/three 970ms (cache miss)
21 silly packumentCache full:https://registry.npmjs.org/three set size:undefined disposed:false
22 silly placeDep ROOT @google/model-viewer@4.2.0 OK for: campass@0.1.0 want: *
23 silly placeDep ROOT three@0.182.0 OK for: @google/model-viewer@4.2.0 want: ^0.182.0
24 silly fetch manifest @monogrid/gainmap-js@^3.1.0
25 silly packumentCache full:https://registry.npmjs.org/@monogrid%2fgainmap-js cache-miss
26 silly fetch manifest lit@^3.2.1
27 silly packumentCache full:https://registry.npmjs.org/lit cache-miss
28 http fetch GET 200 https://registry.npmjs.org/@monogrid%2fgainmap-js 285ms (cache miss)
29 silly packumentCache full:https://registry.npmjs.org/@monogrid%2fgainmap-js set size:undefined disposed:false
30 http fetch GET 200 https://registry.npmjs.org/lit 1127ms (cache miss)
31 silly packumentCache full:https://registry.npmjs.org/lit set size:undefined disposed:false
32 silly placeDep ROOT @monogrid/gainmap-js@3.4.0 OK for: @google/model-viewer@4.2.0 want: ^3.1.0
33 silly placeDep ROOT lit@3.3.2 OK for: @google/model-viewer@4.2.0 want: ^3.2.1
34 silly fetch manifest promise-worker-transferable@^1.0.4
35 silly packumentCache full:https://registry.npmjs.org/promise-worker-transferable cache-miss
36 silly fetch manifest @lit/reactive-element@^2.1.0
37 silly packumentCache full:https://registry.npmjs.org/@lit%2freactive-element cache-miss
38 silly fetch manifest lit-element@^4.2.0
39 silly packumentCache full:https://registry.npmjs.org/lit-element cache-miss
40 silly fetch manifest lit-html@^3.3.0
41 silly packumentCache full:https://registry.npmjs.org/lit-html cache-miss
42 http fetch GET 200 https://registry.npmjs.org/promise-worker-transferable 509ms (cache miss)
43 silly packumentCache full:https://registry.npmjs.org/promise-worker-transferable set size:undefined disposed:false
44 http fetch GET 200 https://registry.npmjs.org/@lit%2freactive-element 512ms (cache miss)
45 silly packumentCache full:https://registry.npmjs.org/@lit%2freactive-element set size:undefined disposed:false
46 http fetch GET 200 https://registry.npmjs.org/lit-element 1165ms (cache miss)
47 silly packumentCache full:https://registry.npmjs.org/lit-element set size:undefined disposed:false
48 http fetch GET 200 https://registry.npmjs.org/lit-html 2334ms (cache miss)
49 silly packumentCache full:https://registry.npmjs.org/lit-html set size:undefined disposed:false
50 silly placeDep ROOT promise-worker-transferable@1.0.4 OK for: @monogrid/gainmap-js@3.4.0 want: ^1.0.4
51 silly fetch manifest is-promise@^2.1.0
52 silly packumentCache full:https://registry.npmjs.org/is-promise cache-miss
53 silly fetch manifest lie@^3.0.2
54 silly packumentCache full:https://registry.npmjs.org/lie cache-miss
55 http fetch GET 200 https://registry.npmjs.org/lie 469ms (cache miss)
56 silly packumentCache full:https://registry.npmjs.org/lie set size:undefined disposed:false
57 http fetch GET 200 https://registry.npmjs.org/is-promise 476ms (cache miss)
58 silly packumentCache full:https://registry.npmjs.org/is-promise set size:undefined disposed:false
59 silly placeDep ROOT @lit/reactive-element@2.1.2 OK for: lit@3.3.2 want: ^2.1.0
60 silly placeDep ROOT lit-element@4.2.2 OK for: lit@3.3.2 want: ^4.2.0
61 silly placeDep ROOT lit-html@3.3.2 OK for: lit@3.3.2 want: ^3.3.0
62 silly fetch manifest @lit-labs/ssr-dom-shim@^1.5.0
63 silly packumentCache full:https://registry.npmjs.org/@lit-labs%2fssr-dom-shim cache-miss
64 silly fetch manifest @lit-labs/ssr-dom-shim@^1.5.0
65 silly packumentCache full:https://registry.npmjs.org/@lit-labs%2fssr-dom-shim cache-miss
66 silly fetch manifest @types/trusted-types@^2.0.2
67 silly packumentCache full:https://registry.npmjs.org/@types%2ftrusted-types cache-miss
68 http fetch GET 200 https://registry.npmjs.org/@types%2ftrusted-types 462ms (cache miss)
69 silly packumentCache full:https://registry.npmjs.org/@types%2ftrusted-types set size:undefined disposed:false
70 http fetch GET 200 https://registry.npmjs.org/@lit-labs%2fssr-dom-shim 663ms (cache miss)
71 silly packumentCache full:https://registry.npmjs.org/@lit-labs%2fssr-dom-shim set size:undefined disposed:false
72 http fetch GET 200 https://registry.npmjs.org/@lit-labs%2fssr-dom-shim 971ms (cache miss)
73 silly packumentCache full:https://registry.npmjs.org/@lit-labs%2fssr-dom-shim set size:undefined disposed:false
74 silly placeDep ROOT @lit-labs/ssr-dom-shim@1.5.1 OK for: @lit/reactive-element@2.1.2 want: ^1.5.0
75 silly placeDep ROOT @types/trusted-types@2.0.7 OK for: lit-html@3.3.2 want: ^2.0.2
76 silly placeDep ROOT is-promise@2.2.2 OK for: promise-worker-transferable@1.0.4 want: ^2.1.0
77 silly placeDep ROOT lie@3.3.0 OK for: promise-worker-transferable@1.0.4 want: ^3.0.2
78 silly fetch manifest immediate@~3.0.5
79 silly packumentCache full:https://registry.npmjs.org/immediate cache-miss
80 http fetch GET 200 https://registry.npmjs.org/immediate 231ms (cache miss)
81 silly packumentCache full:https://registry.npmjs.org/immediate set size:undefined disposed:false
82 silly placeDep ROOT immediate@3.0.6 OK for: lie@3.3.0 want: ~3.0.5
83 silly reify moves {}
84 verbose reify failed optional dependency E:\projects\campass\node_modules\@tailwindcss\oxide-wasm32-wasi
85 silly reify mark deleted [
85 silly reify   'E:\\projects\\campass\\node_modules\\@tailwindcss\\oxide-wasm32-wasi'
85 silly reify ]
86 silly audit bulk request {
86 silly audit   '@alloc/quick-lru': [ '5.2.0' ],
86 silly audit   '@babel/code-frame': [ '7.29.0' ],
86 silly audit   '@babel/compat-data': [ '7.29.0' ],
86 silly audit   '@babel/core': [ '7.29.0' ],
86 silly audit   '@babel/generator': [ '7.29.1' ],
86 silly audit   '@babel/helper-compilation-targets': [ '7.28.6' ],
86 silly audit   '@babel/helper-globals': [ '7.28.0' ],
86 silly audit   '@babel/helper-module-imports': [ '7.28.6' ],
86 silly audit   '@babel/helper-module-transforms': [ '7.28.6' ],
86 silly audit   '@babel/helper-string-parser': [ '7.27.1' ],
86 silly audit   '@babel/helper-validator-identifier': [ '7.28.5' ],
86 silly audit   '@babel/helper-validator-option': [ '7.27.1' ],
86 silly audit   '@babel/helpers': [ '7.29.2' ],
86 silly audit   '@babel/parser': [ '7.29.2' ],
86 silly audit   '@babel/template': [ '7.28.6' ],
86 silly audit   '@babel/traverse': [ '7.29.0' ],
86 silly audit   '@babel/types': [ '7.29.0' ],
86 silly audit   '@electric-sql/pglite': [ '0.4.1' ],
86 silly audit   '@electric-sql/pglite-socket': [ '0.1.1' ],
86 silly audit   '@electric-sql/pglite-tools': [ '0.3.1' ],
86 silly audit   '@emnapi/core': [ '1.9.2' ],
86 silly audit   '@emnapi/runtime': [ '1.9.2' ],
86 silly audit   '@emnapi/wasi-threads': [ '1.2.1' ],
86 silly audit   '@eslint-community/eslint-utils': [ '4.9.1' ],
86 silly audit   'eslint-visitor-keys': [ '3.4.3', '5.0.1', '4.2.1' ],
86 silly audit   '@eslint-community/regexpp': [ '4.12.2' ],
86 silly audit   '@eslint/config-array': [ '0.21.2' ],
86 silly audit   '@eslint/config-helpers': [ '0.4.2' ],
86 silly audit   '@eslint/core': [ '0.17.0' ],
86 silly audit   '@eslint/eslintrc': [ '3.3.5' ],
86 silly audit   '@eslint/js': [ '9.39.4' ],
86 silly audit   '@eslint/object-schema': [ '2.1.7' ],
86 silly audit   '@eslint/plugin-kit': [ '0.4.1' ],
86 silly audit   '@hono/node-server': [ '1.19.11' ],
86 silly audit   '@humanfs/core': [ '0.19.1' ],
86 silly audit   '@humanfs/node': [ '0.16.7' ],
86 silly audit   '@humanwhocodes/module-importer': [ '1.0.1' ],
86 silly audit   '@humanwhocodes/retry': [ '0.4.3' ],
86 silly audit   '@img/colour': [ '1.1.0' ],
86 silly audit   '@img/sharp-darwin-arm64': [ '0.34.5' ],
86 silly audit   '@img/sharp-darwin-x64': [ '0.34.5' ],
86 silly audit   '@img/sharp-libvips-darwin-arm64': [ '1.2.4' ],
86 silly audit   '@img/sharp-libvips-darwin-x64': [ '1.2.4' ],
86 silly audit   '@img/sharp-libvips-linux-arm': [ '1.2.4' ],
86 silly audit   '@img/sharp-libvips-linux-arm64': [ '1.2.4' ],
86 silly audit   '@img/sharp-libvips-linux-ppc64': [ '1.2.4' ],
86 silly audit   '@img/sharp-libvips-linux-riscv64': [ '1.2.4' ],
86 silly audit   '@img/sharp-libvips-linux-s390x': [ '1.2.4' ],
86 silly audit   '@img/sharp-libvips-linux-x64': [ '1.2.4' ],
86 silly audit   '@img/sharp-libvips-linuxmusl-arm64': [ '1.2.4' ],
86 silly audit   '@img/sharp-libvips-linuxmusl-x64': [ '1.2.4' ],
86 silly audit   '@img/sharp-linux-arm': [ '0.34.5' ],
86 silly audit   '@img/sharp-linux-arm64': [ '0.34.5' ],
86 silly audit   '@img/sharp-linux-ppc64': [ '0.34.5' ],
86 silly audit   '@img/sharp-linux-riscv64': [ '0.34.5' ],
86 silly audit   '@img/sharp-linux-s390x': [ '0.34.5' ],
86 silly audit   '@img/sharp-linux-x64': [ '0.34.5' ],
86 silly audit   '@img/sharp-linuxmusl-arm64': [ '0.34.5' ],
86 silly audit   '@img/sharp-linuxmusl-x64': [ '0.34.5' ],
86 silly audit   '@img/sharp-wasm32': [ '0.34.5' ],
86 silly audit   '@img/sharp-win32-arm64': [ '0.34.5' ],
86 silly audit   '@img/sharp-win32-ia32': [ '0.34.5' ],
86 silly audit   '@img/sharp-win32-x64': [ '0.34.5' ],
86 silly audit   '@jridgewell/gen-mapping': [ '0.3.13' ],
86 silly audit   '@jridgewell/remapping': [ '2.3.5' ],
86 silly audit   '@jridgewell/resolve-uri': [ '3.1.2' ],
86 silly audit   '@jridgewell/sourcemap-codec': [ '1.5.5' ],
86 silly audit   '@jridgewell/trace-mapping': [ '0.3.31' ],
86 silly audit   '@kurkle/color': [ '0.3.4' ],
86 silly audit   '@napi-rs/wasm-runtime': [ '0.2.12' ],
86 silly audit   '@next/env': [ '16.2.3' ],
86 silly audit   '@next/eslint-plugin-next': [ '16.2.3' ],
86 silly audit   '@next/swc-darwin-arm64': [ '16.2.3' ],
86 silly audit   '@next/swc-darwin-x64': [ '16.2.3' ],
86 silly audit   '@next/swc-linux-arm64-gnu': [ '16.2.3' ],
86 silly audit   '@next/swc-linux-arm64-musl': [ '16.2.3' ],
86 silly audit   '@next/swc-linux-x64-gnu': [ '16.2.3' ],
86 silly audit   '@next/swc-linux-x64-musl': [ '16.2.3' ],
86 silly audit   '@next/swc-win32-arm64-msvc': [ '16.2.3' ],
86 silly audit   '@next/swc-win32-x64-msvc': [ '16.2.3' ],
86 silly audit   '@nodelib/fs.scandir': [ '2.1.5' ],
86 silly audit   '@nodelib/fs.stat': [ '2.0.5' ],
86 silly audit   '@nodelib/fs.walk': [ '1.2.8' ],
86 silly audit   '@nolyfill/is-core-module': [ '1.0.39' ],
86 silly audit   '@prisma/client': [ '7.7.0' ],
86 silly audit   '@prisma/client-runtime-utils': [ '7.7.0' ],
86 silly audit   '@prisma/config': [ '7.7.0' ],
86 silly audit   '@prisma/debug': [ '7.7.0', '7.2.0' ],
86 silly audit   '@prisma/dev': [ '0.24.3' ],
86 silly audit   '@prisma/engines': [ '7.7.0' ],
86 silly audit   '@prisma/engines-version': [ '7.6.0-1.75cbdc1eb7150937890ad5465d861175c6624711' ],
86 silly audit   '@prisma/get-platform': [ '7.7.0', '7.2.0' ],
86 silly audit   '@prisma/fetch-engine': [ '7.7.0' ],
86 silly audit   '@prisma/query-plan-executor': [ '7.2.0' ],
86 silly audit   '@prisma/streams-local': [ '0.1.2' ],
86 silly audit   ajv: [ '8.18.0', '6.14.0' ],
86 silly audit   'json-schema-traverse': [ '1.0.0', '0.4.1' ],
86 silly audit   '@prisma/studio-core': [ '0.27.3' ],
86 silly audit   '@radix-ui/primitive': [ '1.1.3' ],
86 silly audit   '@radix-ui/react-compose-refs': [ '1.1.2' ],
86 silly audit   '@radix-ui/react-primitive': [ '2.1.3' ],
86 silly audit   '@radix-ui/react-slot': [ '1.2.3' ],
86 silly audit   '@radix-ui/react-toggle': [ '1.1.10' ],
86 silly audit   '@radix-ui/react-use-controllable-state': [ '1.2.2' ],
86 silly audit   '@radix-ui/react-use-effect-event': [ '0.0.2' ],
86 silly audit   '@radix-ui/react-use-layout-effect': [ '1.1.1' ],
86 silly audit   '@rtsao/scc': [ '1.1.0' ],
86 silly audit   '@standard-schema/spec': [ '1.1.0' ],
86 silly audit   '@swc/helpers': [ '0.5.15' ],
86 silly audit   '@tailwindcss/node': [ '4.2.2' ],
86 silly audit   '@tailwindcss/oxide': [ '4.2.2' ],
86 silly audit   '@tailwindcss/oxide-android-arm64': [ '4.2.2' ],
86 silly audit   '@tailwindcss/oxide-darwin-arm64': [ '4.2.2' ],
86 silly audit   '@tailwindcss/oxide-darwin-x64': [ '4.2.2' ],
86 silly audit   '@tailwindcss/oxide-freebsd-x64': [ '4.2.2' ],
86 silly audit   '@tailwindcss/oxide-linux-arm-gnueabihf': [ '4.2.2' ],
86 silly audit   '@tailwindcss/oxide-linux-arm64-gnu': [ '4.2.2' ],
86 silly audit   '@tailwindcss/oxide-linux-arm64-musl': [ '4.2.2' ],
86 silly audit   '@tailwindcss/oxide-linux-x64-gnu': [ '4.2.2' ],
86 silly audit   '@tailwindcss/oxide-linux-x64-musl': [ '4.2.2' ],
86 silly audit   '@tailwindcss/oxide-win32-arm64-msvc': [ '4.2.2' ],
86 silly audit   '@tailwindcss/oxide-win32-x64-msvc': [ '4.2.2' ],
86 silly audit   '@tailwindcss/postcss': [ '4.2.2' ],
86 silly audit   '@tybys/wasm-util': [ '0.10.1' ],
86 silly audit   '@types/estree': [ '1.0.8' ],
86 silly audit   '@types/json-schema': [ '7.0.15' ],
86 silly audit   '@types/json5': [ '0.0.29' ],
86 silly audit   '@types/node': [ '20.19.39' ],
86 silly audit   '@types/react': [ '19.2.14' ],
86 silly audit   '@types/react-dom': [ '19.2.3' ],
86 silly audit   '@typescript-eslint/eslint-plugin': [ '8.58.1' ],
86 silly audit   ignore: [ '7.0.5', '5.3.2' ],
86 silly audit   '@typescript-eslint/parser': [ '8.58.1' ],
86 silly audit   '@typescript-eslint/project-service': [ '8.58.1' ],
86 silly audit   '@typescript-eslint/scope-manager': [ '8.58.1' ],
86 silly audit   '@typescript-eslint/tsconfig-utils': [ '8.58.1' ],
86 silly audit   '@typescript-eslint/type-utils': [ '8.58.1' ],
86 silly audit   '@typescript-eslint/types': [ '8.58.1' ],
86 silly audit   '@typescript-eslint/typescript-estree': [ '8.58.1' ],
86 silly audit   'balanced-match': [ '4.0.4', '1.0.2' ],
86 silly audit   'brace-expansion': [ '5.0.5', '1.1.13' ],
86 silly audit   minimatch: [ '10.2.5', '3.1.5' ],
86 silly audit   semver: [ '7.7.4', '6.3.1' ],
86 silly audit   '@typescript-eslint/utils': [ '8.58.1' ],
86 silly audit   '@typescript-eslint/visitor-keys': [ '8.58.1' ],
86 silly audit   '@unrs/resolver-binding-android-arm-eabi': [ '1.11.1' ],
86 silly audit   '@unrs/resolver-binding-android-arm64': [ '1.11.1' ],
86 silly audit   '@unrs/resolver-binding-darwin-arm64': [ '1.11.1' ],
86 silly audit   '@unrs/resolver-binding-darwin-x64': [ '1.11.1' ],
86 silly audit   '@unrs/resolver-binding-freebsd-x64': [ '1.11.1' ],
86 silly audit   '@unrs/resolver-binding-linux-arm-gnueabihf': [ '1.11.1' ],
86 silly audit   '@unrs/resolver-binding-linux-arm-musleabihf': [ '1.11.1' ],
86 silly audit   '@unrs/resolver-binding-linux-arm64-gnu': [ '1.11.1' ],
86 silly audit   '@unrs/resolver-binding-linux-arm64-musl': [ '1.11.1' ],
86 silly audit   '@unrs/resolver-binding-linux-ppc64-gnu': [ '1.11.1' ],
86 silly audit   '@unrs/resolver-binding-linux-riscv64-gnu': [ '1.11.1' ],
86 silly audit   '@unrs/resolver-binding-linux-riscv64-musl': [ '1.11.1' ],
86 silly audit   '@unrs/resolver-binding-linux-s390x-gnu': [ '1.11.1' ],
86 silly audit   '@unrs/resolver-binding-linux-x64-gnu': [ '1.11.1' ],
86 silly audit   '@unrs/resolver-binding-linux-x64-musl': [ '1.11.1' ],
86 silly audit   '@unrs/resolver-binding-wasm32-wasi': [ '1.11.1' ],
86 silly audit   '@unrs/resolver-binding-win32-arm64-msvc': [ '1.11.1' ],
86 silly audit   '@unrs/resolver-binding-win32-ia32-msvc': [ '1.11.1' ],
86 silly audit   '@unrs/resolver-binding-win32-x64-msvc': [ '1.11.1' ],
86 silly audit   acorn: [ '8.16.0' ],
86 silly audit   'acorn-jsx': [ '5.3.2' ],
86 silly audit   'ansi-styles': [ '4.3.0' ],
86 silly audit   argparse: [ '2.0.1' ],
86 silly audit   'aria-query': [ '5.3.2' ],
86 silly audit   'array-buffer-byte-length': [ '1.0.2' ],
86 silly audit   'array-includes': [ '3.1.9' ],
86 silly audit   'array.prototype.findlast': [ '1.2.5' ],
86 silly audit   'array.prototype.findlastindex': [ '1.2.6' ],
86 silly audit   'array.prototype.flat': [ '1.3.3' ],
86 silly audit   'array.prototype.flatmap': [ '1.3.3' ],
86 silly audit   'array.prototype.tosorted': [ '1.1.4' ],
86 silly audit   'arraybuffer.prototype.slice': [ '1.0.4' ],
86 silly audit   'ast-types-flow': [ '0.0.8' ],
86 silly audit   'async-function': [ '1.0.0' ],
86 silly audit   'available-typed-arrays': [ '1.0.7' ],
86 silly audit   'aws-ssl-profiles': [ '1.1.2' ],
86 silly audit   'axe-core': [ '4.11.2' ],
86 silly audit   'axobject-query': [ '4.1.0' ],
86 silly audit   'baseline-browser-mapping': [ '2.10.17' ],
86 silly audit   'better-result': [ '2.8.2' ],
86 silly audit   braces: [ '3.0.3' ],
86 silly audit   browserslist: [ '4.28.2' ],
86 silly audit   c12: [ '3.1.0' ],
86 silly audit   'call-bind': [ '1.0.9' ],
86 silly audit   'call-bind-apply-helpers': [ '1.0.2' ],
86 silly audit   'call-bound': [ '1.0.4' ],
86 silly audit   callsites: [ '3.1.0' ],
86 silly audit   'caniuse-lite': [ '1.0.30001787' ],
86 silly audit   chalk: [ '4.1.2' ],
86 silly audit   'chart.js': [ '4.5.1' ],
86 silly audit   chokidar: [ '4.0.3' ],
86 silly audit   citty: [ '0.1.6', '0.2.2' ],
86 silly audit   'client-only': [ '0.0.1' ],
86 silly audit   'color-convert': [ '2.0.1' ],
86 silly audit   'color-name': [ '1.1.4' ],
86 silly audit   'concat-map': [ '0.0.1' ],
86 silly audit   confbox: [ '0.2.4' ],
86 silly audit   consola: [ '3.4.2' ],
86 silly audit   'convert-source-map': [ '2.0.0' ],
86 silly audit   'cross-spawn': [ '7.0.6' ],
86 silly audit   csstype: [ '3.2.3' ],
86 silly audit   'damerau-levenshtein': [ '1.0.8' ],
86 silly audit   'data-view-buffer': [ '1.0.2' ],
86 silly audit   'data-view-byte-length': [ '1.0.2' ],
86 silly audit   'data-view-byte-offset': [ '1.0.1' ],
86 silly audit   debug: [ '4.4.3', '3.2.7' ],
86 silly audit   'deep-is': [ '0.1.4' ],
86 silly audit   'deepmerge-ts': [ '7.1.5' ],
86 silly audit   'define-data-property': [ '1.1.4' ],
86 silly audit   'define-properties': [ '1.2.1' ],
86 silly audit   defu: [ '6.1.7' ],
86 silly audit   denque: [ '2.1.0' ],
86 silly audit   destr: [ '2.0.5' ],
86 silly audit   'detect-libc': [ '2.1.2' ],
86 silly audit   doctrine: [ '2.1.0' ],
86 silly audit   dotenv: [ '16.6.1' ],
86 silly audit   'dunder-proto': [ '1.0.1' ],
86 silly audit   effect: [ '3.20.0' ],
86 silly audit   'electron-to-chromium': [ '1.5.334' ],
86 silly audit   'emoji-regex': [ '9.2.2' ],
86 silly audit   empathic: [ '2.0.0' ],
86 silly audit   'enhanced-resolve': [ '5.20.1' ],
86 silly audit   'env-paths': [ '3.0.0' ],
86 silly audit   'es-abstract': [ '1.24.2' ],
86 silly audit   'es-define-property': [ '1.0.1' ],
86 silly audit   'es-errors': [ '1.3.0' ],
86 silly audit   'es-iterator-helpers': [ '1.3.2' ],
86 silly audit   'es-object-atoms': [ '1.1.1' ],
86 silly audit   'es-set-tostringtag': [ '2.1.0' ],
86 silly audit   'es-shim-unscopables': [ '1.1.0' ],
86 silly audit   'es-to-primitive': [ '1.3.0' ],
86 silly audit   escalade: [ '3.2.0' ],
86 silly audit   'escape-string-regexp': [ '4.0.0' ],
86 silly audit   eslint: [ '9.39.4' ],
86 silly audit   'eslint-config-next': [ '16.2.3' ],
86 silly audit   globals: [ '16.4.0', '14.0.0' ],
86 silly audit   'eslint-import-resolver-node': [ '0.3.10' ],
86 silly audit   'eslint-import-resolver-typescript': [ '3.10.1' ],
86 silly audit   'eslint-module-utils': [ '2.12.1' ],
86 silly audit   'eslint-plugin-import': [ '2.32.0' ],
86 silly audit   'eslint-plugin-jsx-a11y': [ '6.10.2' ],
86 silly audit   'eslint-plugin-react': [ '7.37.5' ],
86 silly audit   'eslint-plugin-react-hooks': [ '7.0.1' ],
86 silly audit   'eslint-scope': [ '8.4.0' ],
86 silly audit   espree: [ '10.4.0' ],
86 silly audit   esquery: [ '1.7.0' ],
86 silly audit   esrecurse: [ '4.3.0' ],
86 silly audit   estraverse: [ '5.3.0' ],
86 silly audit   esutils: [ '2.0.3' ],
86 silly audit   exsolve: [ '1.0.8' ],
86 silly audit   'fast-check': [ '3.23.2' ],
86 silly audit   'fast-deep-equal': [ '3.1.3' ],
86 silly audit   'fast-glob': [ '3.3.1' ],
86 silly audit   'glob-parent': [ '5.1.2', '6.0.2' ],
86 silly audit   'fast-json-stable-stringify': [ '2.1.0' ],
86 silly audit   'fast-levenshtein': [ '2.0.6' ],
86 silly audit   'fast-uri': [ '3.1.0' ],
86 silly audit   fastq: [ '1.20.1' ],
86 silly audit   'file-entry-cache': [ '8.0.0' ],
86 silly audit   'fill-range': [ '7.1.1' ],
86 silly audit   'find-up': [ '5.0.0' ],
86 silly audit   'flat-cache': [ '4.0.1' ],
86 silly audit   flatted: [ '3.4.2' ],
86 silly audit   'for-each': [ '0.3.5' ],
86 silly audit   'foreground-child': [ '3.3.1' ],
86 silly audit   'function-bind': [ '1.1.2' ],
86 silly audit   'function.prototype.name': [ '1.1.8' ],
86 silly audit   'functions-have-names': [ '1.2.3' ],
86 silly audit   'generate-function': [ '2.3.1' ],
86 silly audit   'generator-function': [ '2.0.1' ],
86 silly audit   gensync: [ '1.0.0-beta.2' ],
86 silly audit   'get-intrinsic': [ '1.3.0' ],
86 silly audit   'get-port-please': [ '3.2.0' ],
86 silly audit   'get-proto': [ '1.0.1' ],
86 silly audit   'get-symbol-description': [ '1.1.0' ],
86 silly audit   'get-tsconfig': [ '4.13.7' ],
86 silly audit   giget: [ '2.0.0' ],
86 silly audit   globalthis: [ '1.0.4' ],
86 silly audit   gopd: [ '1.2.0' ],
86 silly audit   'graceful-fs': [ '4.2.11' ],
86 silly audit   grammex: [ '3.1.12' ],
86 silly audit   graphmatch: [ '1.1.1' ],
86 silly audit   'has-bigints': [ '1.1.0' ],
86 silly audit   'has-flag': [ '4.0.0' ],
86 silly audit   'has-property-descriptors': [ '1.0.2' ],
86 silly audit   'has-proto': [ '1.2.0' ],
86 silly audit   'has-symbols': [ '1.1.0' ],
86 silly audit   'has-tostringtag': [ '1.0.2' ],
86 silly audit   hasown: [ '2.0.2' ],
86 silly audit   'hermes-estree': [ '0.25.1' ],
86 silly audit   'hermes-parser': [ '0.25.1' ],
86 silly audit   hono: [ '4.12.12' ],
86 silly audit   'http-status-codes': [ '2.3.0' ],
86 silly audit   'iconv-lite': [ '0.7.2' ],
86 silly audit   'import-fresh': [ '3.3.1' ],
86 silly audit   imurmurhash: [ '0.1.4' ],
86 silly audit   'internal-slot': [ '1.1.0' ],
86 silly audit   'is-array-buffer': [ '3.0.5' ],
86 silly audit   'is-async-function': [ '2.1.1' ],
86 silly audit   'is-bigint': [ '1.1.0' ],
86 silly audit   'is-boolean-object': [ '1.2.2' ],
86 silly audit   'is-bun-module': [ '2.0.0' ],
86 silly audit   'is-callable': [ '1.2.7' ],
86 silly audit   'is-core-module': [ '2.16.1' ],
86 silly audit   'is-data-view': [ '1.0.2' ],
86 silly audit   'is-date-object': [ '1.1.0' ],
86 silly audit   'is-extglob': [ '2.1.1' ],
86 silly audit   'is-finalizationregistry': [ '1.1.1' ],
86 silly audit   'is-generator-function': [ '1.1.2' ],
86 silly audit   'is-glob': [ '4.0.3' ],
86 silly audit   'is-map': [ '2.0.3' ],
86 silly audit   'is-negative-zero': [ '2.0.3' ],
86 silly audit   'is-number': [ '7.0.0' ],
86 silly audit   'is-number-object': [ '1.1.1' ],
86 silly audit   'is-property': [ '1.0.2' ],
86 silly audit   'is-regex': [ '1.2.1' ],
86 silly audit   'is-set': [ '2.0.3' ],
86 silly audit   'is-shared-array-buffer': [ '1.0.4' ],
86 silly audit   'is-string': [ '1.1.1' ],
86 silly audit   'is-symbol': [ '1.1.1' ],
86 silly audit   'is-typed-array': [ '1.1.15' ],
86 silly audit   'is-weakmap': [ '2.0.2' ],
86 silly audit   'is-weakref': [ '1.1.1' ],
86 silly audit   'is-weakset': [ '2.0.4' ],
86 silly audit   isarray: [ '2.0.5' ],
86 silly audit   isexe: [ '2.0.0' ],
86 silly audit   'iterator.prototype': [ '1.1.5' ],
86 silly audit   jiti: [ '2.6.1' ],
86 silly audit   'js-tokens': [ '4.0.0' ],
86 silly audit   'js-yaml': [ '4.1.1' ],
86 silly audit   jsesc: [ '3.1.0' ],
86 silly audit   'json-buffer': [ '3.0.1' ],
86 silly audit   'json-stable-stringify-without-jsonify': [ '1.0.1' ],
86 silly audit   json5: [ '2.2.3', '1.0.2' ],
86 silly audit   'jsx-ast-utils': [ '3.3.5' ],
86 silly audit   keyv: [ '4.5.4' ],
86 silly audit   'language-subtag-registry': [ '0.3.23' ],
86 silly audit   'language-tags': [ '1.0.9' ],
86 silly audit   levn: [ '0.4.1' ],
86 silly audit   lightningcss: [ '1.32.0' ],
86 silly audit   'lightningcss-android-arm64': [ '1.32.0' ],
86 silly audit   'lightningcss-darwin-arm64': [ '1.32.0' ],
86 silly audit   'lightningcss-darwin-x64': [ '1.32.0' ],
86 silly audit   'lightningcss-freebsd-x64': [ '1.32.0' ],
86 silly audit   'lightningcss-linux-arm-gnueabihf': [ '1.32.0' ],
86 silly audit   'lightningcss-linux-arm64-gnu': [ '1.32.0' ],
86 silly audit   'lightningcss-linux-arm64-musl': [ '1.32.0' ],
86 silly audit   'lightningcss-linux-x64-gnu': [ '1.32.0' ],
86 silly audit   'lightningcss-linux-x64-musl': [ '1.32.0' ],
86 silly audit   'lightningcss-win32-arm64-msvc': [ '1.32.0' ],
86 silly audit   'lightningcss-win32-x64-msvc': [ '1.32.0' ],
86 silly audit   'locate-path': [ '6.0.0' ],
86 silly audit   'lodash.merge': [ '4.6.2' ],
86 silly audit   long: [ '5.3.2' ],
86 silly audit   'loose-envify': [ '1.4.0' ],
86 silly audit   'lru-cache': [ '5.1.1' ],
86 silly audit   'lru.min': [ '1.1.4' ],
86 silly audit   'lucide-react': [ '0.542.0' ],
86 silly audit   'magic-string': [ '0.30.21' ],
86 silly audit   'math-intrinsics': [ '1.1.0' ],
86 silly audit   merge2: [ '1.4.1' ],
86 silly audit   micromatch: [ '4.0.8' ],
86 silly audit   minimist: [ '1.2.8' ],
86 silly audit   ms: [ '2.1.3' ],
86 silly audit   mysql2: [ '3.15.3' ],
86 silly audit   'named-placeholders': [ '1.1.6' ],
86 silly audit   nanoid: [ '3.3.11' ],
86 silly audit   'napi-postinstall': [ '0.3.4' ],
86 silly audit   'natural-compare': [ '1.4.0' ],
86 silly audit   next: [ '16.2.3' ],
86 silly audit   postcss: [ '8.4.31', '8.5.9' ],
86 silly audit   'node-exports-info': [ '1.6.0' ],
86 silly audit   'node-fetch-native': [ '1.6.7' ],
86 silly audit   'node-releases': [ '2.0.37' ],
86 silly audit   nypm: [ '0.6.5' ],
86 silly audit   'object-assign': [ '4.1.1' ],
86 silly audit   'object-inspect': [ '1.13.4' ],
86 silly audit   'object-keys': [ '1.1.1' ],
86 silly audit   'object.assign': [ '4.1.7' ],
86 silly audit   'object.entries': [ '1.1.9' ],
86 silly audit   'object.fromentries': [ '2.0.8' ],
86 silly audit   'object.groupby': [ '1.0.3' ],
86 silly audit   'object.values': [ '1.2.1' ],
86 silly audit   ohash: [ '2.0.11' ],
86 silly audit   optionator: [ '0.9.4' ],
86 silly audit   'own-keys': [ '1.0.1' ],
86 silly audit   'p-limit': [ '3.1.0' ],
86 silly audit   'p-locate': [ '5.0.0' ],
86 silly audit   'parent-module': [ '1.0.1' ],
86 silly audit   'path-exists': [ '4.0.0' ],
86 silly audit   'path-key': [ '3.1.1' ],
86 silly audit   'path-parse': [ '1.0.7' ],
86 silly audit   pathe: [ '2.0.3' ],
86 silly audit   'perfect-debounce': [ '1.0.0' ],
86 silly audit   picocolors: [ '1.1.1' ],
86 silly audit   picomatch: [ '2.3.2', '4.0.4' ],
86 silly audit   'pkg-types': [ '2.3.0' ],
86 silly audit   'possible-typed-array-names': [ '1.1.0' ],
86 silly audit   postgres: [ '3.4.7' ],
86 silly audit   'prelude-ls': [ '1.2.1' ],
86 silly audit   prisma: [ '7.7.0' ],
86 silly audit   'prop-types': [ '15.8.1' ],
86 silly audit   'proper-lockfile': [ '4.1.2' ],
86 silly audit   'signal-exit': [ '3.0.7', '4.1.0' ],
86 silly audit   punycode: [ '2.3.1' ],
86 silly audit   'pure-rand': [ '6.1.0' ],
86 silly audit   'queue-microtask': [ '1.2.3' ],
86 silly audit   rc9: [ '2.1.2' ],
86 silly audit   react: [ '19.2.4' ],
86 silly audit   'react-dom': [ '19.2.4' ],
86 silly audit   'react-is': [ '16.13.1' ],
86 silly audit   'react-zoom-pan-pinch': [ '4.0.3' ],
86 silly audit   readdirp: [ '4.1.2' ],
86 silly audit   'reflect.getprototypeof': [ '1.0.10' ],
86 silly audit   'regexp.prototype.flags': [ '1.5.4' ],
86 silly audit   remeda: [ '2.33.4' ],
86 silly audit   'require-from-string': [ '2.0.2' ],
86 silly audit   resolve: [ '2.0.0-next.6' ],
86 silly audit   'resolve-from': [ '4.0.0' ],
86 silly audit   'resolve-pkg-maps': [ '1.0.0' ],
86 silly audit   retry: [ '0.12.0' ],
86 silly audit   reusify: [ '1.1.0' ],
86 silly audit   'run-parallel': [ '1.2.0' ],
86 silly audit   'safe-array-concat': [ '1.1.3' ],
86 silly audit   'safe-push-apply': [ '1.0.0' ],
86 silly audit   'safe-regex-test': [ '1.1.0' ],
86 silly audit   'safer-buffer': [ '2.1.2' ],
86 silly audit   scheduler: [ '0.27.0' ],
86 silly audit   'seq-queue': [ '0.0.5' ],
86 silly audit   'set-function-length': [ '1.2.2' ],
86 silly audit   'set-function-name': [ '2.0.2' ],
86 silly audit   'set-proto': [ '1.0.0' ],
86 silly audit   sharp: [ '0.34.5' ],
86 silly audit   'shebang-command': [ '2.0.0' ],
86 silly audit   'shebang-regex': [ '3.0.0' ],
86 silly audit   'side-channel': [ '1.1.0' ],
86 silly audit   'side-channel-list': [ '1.0.1' ],
86 silly audit   'side-channel-map': [ '1.0.1' ],
86 silly audit   'side-channel-weakmap': [ '1.0.2' ],
86 silly audit   'source-map-js': [ '1.2.1' ],
86 silly audit   sqlstring: [ '2.3.3' ],
86 silly audit   'stable-hash': [ '0.0.5' ],
86 silly audit   'std-env': [ '3.10.0' ],
86 silly audit   'stop-iteration-iterator': [ '1.1.0' ],
86 silly audit   'string.prototype.includes': [ '2.0.1' ],
86 silly audit   'string.prototype.matchall': [ '4.0.12' ],
86 silly audit   'string.prototype.repeat': [ '1.0.0' ],
86 silly audit   'string.prototype.trim': [ '1.2.10' ],
86 silly audit   'string.prototype.trimend': [ '1.0.9' ],
86 silly audit   'string.prototype.trimstart': [ '1.0.8' ],
86 silly audit   'strip-bom': [ '3.0.0' ],
86 silly audit   'strip-json-comments': [ '3.1.1' ],
86 silly audit   'styled-jsx': [ '5.1.6' ],
86 silly audit   'supports-color': [ '7.2.0' ],
86 silly audit   'supports-preserve-symlinks-flag': [ '1.0.0' ],
86 silly audit   tailwindcss: [ '4.2.2' ],
86 silly audit   tapable: [ '2.3.2' ],
86 silly audit   tinyexec: [ '1.1.1' ],
86 silly audit   tinyglobby: [ '0.2.16' ],
86 silly audit   fdir: [ '6.5.0' ],
86 silly audit   'to-regex-range': [ '5.0.1' ],
86 silly audit   'ts-api-utils': [ '2.5.0' ],
86 silly audit   'tsconfig-paths': [ '3.15.0' ],
86 silly audit   tslib: [ '2.8.1' ],
86 silly audit   'type-check': [ '0.4.0' ],
86 silly audit   'typed-array-buffer': [ '1.0.3' ],
86 silly audit   'typed-array-byte-length': [ '1.0.3' ],
86 silly audit   'typed-array-byte-offset': [ '1.0.4' ],
86 silly audit   'typed-array-length': [ '1.0.7' ],
86 silly audit   typescript: [ '5.9.3' ],
86 silly audit   'typescript-eslint': [ '8.58.1' ],
86 silly audit   'unbox-primitive': [ '1.1.0' ],
86 silly audit   'undici-types': [ '6.21.0' ],
86 silly audit   'unrs-resolver': [ '1.11.1' ],
86 silly audit   'update-browserslist-db': [ '1.2.3' ],
86 silly audit   'uri-js': [ '4.4.1' ],
86 silly audit   valibot: [ '1.2.0' ],
86 silly audit   which: [ '2.0.2' ],
86 silly audit   'which-boxed-primitive': [ '1.1.1' ],
86 silly audit   'which-builtin-type': [ '1.2.1' ],
86 silly audit   'which-collection': [ '1.0.2' ],
86 silly audit   'which-typed-array': [ '1.1.20' ],
86 silly audit   'word-wrap': [ '1.2.5' ],
86 silly audit   yallist: [ '3.1.1' ],
86 silly audit   'yocto-queue': [ '0.1.0' ],
86 silly audit   zeptomatch: [ '2.1.0' ],
86 silly audit   zod: [ '4.3.6' ],
86 silly audit   'zod-validation-error': [ '4.0.2' ],
86 silly audit   '@google/model-viewer': [ '4.2.0' ],
86 silly audit   three: [ '0.182.0' ],
86 silly audit   '@monogrid/gainmap-js': [ '3.4.0' ],
86 silly audit   lit: [ '3.3.2' ],
86 silly audit   'promise-worker-transferable': [ '1.0.4' ],
86 silly audit   '@lit/reactive-element': [ '2.1.2' ],
86 silly audit   'lit-element': [ '4.2.2' ],
86 silly audit   'lit-html': [ '3.3.2' ],
86 silly audit   '@lit-labs/ssr-dom-shim': [ '1.5.1' ],
86 silly audit   '@types/trusted-types': [ '2.0.7' ],
86 silly audit   'is-promise': [ '2.2.2' ],
86 silly audit   lie: [ '3.3.0' ],
86 silly audit   immediate: [ '3.0.6' ],
86 silly audit   '@tailwindcss/oxide-wasm32-wasi': [ '4.2.2' ]
86 silly audit }
87 verbose reify failed optional dependency E:\projects\campass\node_modules\lightningcss-win32-arm64-msvc
88 silly reify mark deleted [
88 silly reify   'E:\\projects\\campass\\node_modules\\lightningcss-win32-arm64-msvc'
88 silly reify ]
89 verbose reify failed optional dependency E:\projects\campass\node_modules\lightningcss-linux-x64-musl
90 silly reify mark deleted [ 'E:\\projects\\campass\\node_modules\\lightningcss-linux-x64-musl' ]
91 verbose reify failed optional dependency E:\projects\campass\node_modules\lightningcss-linux-x64-gnu
92 silly reify mark deleted [ 'E:\\projects\\campass\\node_modules\\lightningcss-linux-x64-gnu' ]
93 verbose reify failed optional dependency E:\projects\campass\node_modules\lightningcss-linux-arm64-musl
94 silly reify mark deleted [
94 silly reify   'E:\\projects\\campass\\node_modules\\lightningcss-linux-arm64-musl'
94 silly reify ]
95 verbose reify failed optional dependency E:\projects\campass\node_modules\lightningcss-linux-arm64-gnu
96 silly reify mark deleted [ 'E:\\projects\\campass\\node_modules\\lightningcss-linux-arm64-gnu' ]
97 verbose reify failed optional dependency E:\projects\campass\node_modules\lightningcss-linux-arm-gnueabihf
98 silly reify mark deleted [
98 silly reify   'E:\\projects\\campass\\node_modules\\lightningcss-linux-arm-gnueabihf'
98 silly reify ]
99 verbose reify failed optional dependency E:\projects\campass\node_modules\lightningcss-freebsd-x64
100 silly reify mark deleted [ 'E:\\projects\\campass\\node_modules\\lightningcss-freebsd-x64' ]
101 verbose reify failed optional dependency E:\projects\campass\node_modules\lightningcss-darwin-x64
102 silly reify mark deleted [ 'E:\\projects\\campass\\node_modules\\lightningcss-darwin-x64' ]
103 verbose reify failed optional dependency E:\projects\campass\node_modules\lightningcss-darwin-arm64
104 silly reify mark deleted [ 'E:\\projects\\campass\\node_modules\\lightningcss-darwin-arm64' ]
105 verbose reify failed optional dependency E:\projects\campass\node_modules\lightningcss-android-arm64
106 silly reify mark deleted [ 'E:\\projects\\campass\\node_modules\\lightningcss-android-arm64' ]
107 verbose reify failed optional dependency E:\projects\campass\node_modules\@unrs\resolver-binding-win32-ia32-msvc
108 silly reify mark deleted [
108 silly reify   'E:\\projects\\campass\\node_modules\\@unrs\\resolver-binding-win32-ia32-msvc'
108 silly reify ]
109 verbose reify failed optional dependency E:\projects\campass\node_modules\@unrs\resolver-binding-win32-arm64-msvc
110 silly reify mark deleted [
110 silly reify   'E:\\projects\\campass\\node_modules\\@unrs\\resolver-binding-win32-arm64-msvc'
110 silly reify ]
111 verbose reify failed optional dependency E:\projects\campass\node_modules\@unrs\resolver-binding-wasm32-wasi
112 silly reify mark deleted [
112 silly reify   'E:\\projects\\campass\\node_modules\\@unrs\\resolver-binding-wasm32-wasi'
112 silly reify ]
113 verbose reify failed optional dependency E:\projects\campass\node_modules\@unrs\resolver-binding-linux-x64-musl
114 silly reify mark deleted [
114 silly reify   'E:\\projects\\campass\\node_modules\\@unrs\\resolver-binding-linux-x64-musl'
114 silly reify ]
115 verbose reify failed optional dependency E:\projects\campass\node_modules\@unrs\resolver-binding-linux-x64-gnu
116 silly reify mark deleted [
116 silly reify   'E:\\projects\\campass\\node_modules\\@unrs\\resolver-binding-linux-x64-gnu'
116 silly reify ]
117 verbose reify failed optional dependency E:\projects\campass\node_modules\@unrs\resolver-binding-linux-s390x-gnu
118 silly reify mark deleted [
118 silly reify   'E:\\projects\\campass\\node_modules\\@unrs\\resolver-binding-linux-s390x-gnu'
118 silly reify ]
119 verbose reify failed optional dependency E:\projects\campass\node_modules\@unrs\resolver-binding-linux-riscv64-musl
120 silly reify mark deleted [
120 silly reify   'E:\\projects\\campass\\node_modules\\@unrs\\resolver-binding-linux-riscv64-musl'
120 silly reify ]
121 verbose reify failed optional dependency E:\projects\campass\node_modules\@unrs\resolver-binding-linux-riscv64-gnu
122 silly reify mark deleted [
122 silly reify   'E:\\projects\\campass\\node_modules\\@unrs\\resolver-binding-linux-riscv64-gnu'
122 silly reify ]
123 verbose reify failed optional dependency E:\projects\campass\node_modules\@unrs\resolver-binding-linux-ppc64-gnu
124 silly reify mark deleted [
124 silly reify   'E:\\projects\\campass\\node_modules\\@unrs\\resolver-binding-linux-ppc64-gnu'
124 silly reify ]
125 verbose reify failed optional dependency E:\projects\campass\node_modules\@unrs\resolver-binding-linux-arm64-musl
126 silly reify mark deleted [
126 silly reify   'E:\\projects\\campass\\node_modules\\@unrs\\resolver-binding-linux-arm64-musl'
126 silly reify ]
127 verbose reify failed optional dependency E:\projects\campass\node_modules\@unrs\resolver-binding-linux-arm64-gnu
128 silly reify mark deleted [
128 silly reify   'E:\\projects\\campass\\node_modules\\@unrs\\resolver-binding-linux-arm64-gnu'
128 silly reify ]
129 verbose reify failed optional dependency E:\projects\campass\node_modules\@unrs\resolver-binding-linux-arm-musleabihf
130 silly reify mark deleted [
130 silly reify   'E:\\projects\\campass\\node_modules\\@unrs\\resolver-binding-linux-arm-musleabihf'
130 silly reify ]
131 verbose reify failed optional dependency E:\projects\campass\node_modules\@unrs\resolver-binding-linux-arm-gnueabihf
132 silly reify mark deleted [
132 silly reify   'E:\\projects\\campass\\node_modules\\@unrs\\resolver-binding-linux-arm-gnueabihf'
132 silly reify ]
133 verbose reify failed optional dependency E:\projects\campass\node_modules\@unrs\resolver-binding-freebsd-x64
134 silly reify mark deleted [
134 silly reify   'E:\\projects\\campass\\node_modules\\@unrs\\resolver-binding-freebsd-x64'
134 silly reify ]
135 verbose reify failed optional dependency E:\projects\campass\node_modules\@unrs\resolver-binding-darwin-x64
136 silly reify mark deleted [
136 silly reify   'E:\\projects\\campass\\node_modules\\@unrs\\resolver-binding-darwin-x64'
136 silly reify ]
137 verbose reify failed optional dependency E:\projects\campass\node_modules\@unrs\resolver-binding-darwin-arm64
138 silly reify mark deleted [
138 silly reify   'E:\\projects\\campass\\node_modules\\@unrs\\resolver-binding-darwin-arm64'
138 silly reify ]
139 verbose reify failed optional dependency E:\projects\campass\node_modules\@unrs\resolver-binding-android-arm64
140 silly reify mark deleted [
140 silly reify   'E:\\projects\\campass\\node_modules\\@unrs\\resolver-binding-android-arm64'
140 silly reify ]
141 verbose reify failed optional dependency E:\projects\campass\node_modules\@unrs\resolver-binding-android-arm-eabi
142 silly reify mark deleted [
142 silly reify   'E:\\projects\\campass\\node_modules\\@unrs\\resolver-binding-android-arm-eabi'
142 silly reify ]
143 verbose reify failed optional dependency E:\projects\campass\node_modules\@tailwindcss\oxide-win32-arm64-msvc
144 silly reify mark deleted [
144 silly reify   'E:\\projects\\campass\\node_modules\\@tailwindcss\\oxide-win32-arm64-msvc'
144 silly reify ]
145 verbose reify failed optional dependency E:\projects\campass\node_modules\@tailwindcss\oxide-linux-x64-musl
146 silly reify mark deleted [
146 silly reify   'E:\\projects\\campass\\node_modules\\@tailwindcss\\oxide-linux-x64-musl'
146 silly reify ]
147 verbose reify failed optional dependency E:\projects\campass\node_modules\@tailwindcss\oxide-linux-x64-gnu
148 silly reify mark deleted [
148 silly reify   'E:\\projects\\campass\\node_modules\\@tailwindcss\\oxide-linux-x64-gnu'
148 silly reify ]
149 verbose reify failed optional dependency E:\projects\campass\node_modules\@tailwindcss\oxide-linux-arm64-musl
150 silly reify mark deleted [
150 silly reify   'E:\\projects\\campass\\node_modules\\@tailwindcss\\oxide-linux-arm64-musl'
150 silly reify ]
151 verbose reify failed optional dependency E:\projects\campass\node_modules\@tailwindcss\oxide-linux-arm64-gnu
152 silly reify mark deleted [
152 silly reify   'E:\\projects\\campass\\node_modules\\@tailwindcss\\oxide-linux-arm64-gnu'
152 silly reify ]
153 verbose reify failed optional dependency E:\projects\campass\node_modules\@tailwindcss\oxide-linux-arm-gnueabihf
154 silly reify mark deleted [
154 silly reify   'E:\\projects\\campass\\node_modules\\@tailwindcss\\oxide-linux-arm-gnueabihf'
154 silly reify ]
155 verbose reify failed optional dependency E:\projects\campass\node_modules\@tailwindcss\oxide-freebsd-x64
156 silly reify mark deleted [
156 silly reify   'E:\\projects\\campass\\node_modules\\@tailwindcss\\oxide-freebsd-x64'
156 silly reify ]
157 verbose reify failed optional dependency E:\projects\campass\node_modules\@tailwindcss\oxide-darwin-x64
158 silly reify mark deleted [
158 silly reify   'E:\\projects\\campass\\node_modules\\@tailwindcss\\oxide-darwin-x64'
158 silly reify ]
159 verbose reify failed optional dependency E:\projects\campass\node_modules\@tailwindcss\oxide-darwin-arm64
160 silly reify mark deleted [
160 silly reify   'E:\\projects\\campass\\node_modules\\@tailwindcss\\oxide-darwin-arm64'
160 silly reify ]
161 verbose reify failed optional dependency E:\projects\campass\node_modules\@tailwindcss\oxide-android-arm64
162 silly reify mark deleted [
162 silly reify   'E:\\projects\\campass\\node_modules\\@tailwindcss\\oxide-android-arm64'
162 silly reify ]
163 verbose reify failed optional dependency E:\projects\campass\node_modules\@next\swc-win32-arm64-msvc
164 silly reify mark deleted [ 'E:\\projects\\campass\\node_modules\\@next\\swc-win32-arm64-msvc' ]
165 verbose reify failed optional dependency E:\projects\campass\node_modules\@next\swc-linux-x64-musl
166 silly reify mark deleted [ 'E:\\projects\\campass\\node_modules\\@next\\swc-linux-x64-musl' ]
167 verbose reify failed optional dependency E:\projects\campass\node_modules\@next\swc-linux-x64-gnu
168 silly reify mark deleted [ 'E:\\projects\\campass\\node_modules\\@next\\swc-linux-x64-gnu' ]
169 verbose reify failed optional dependency E:\projects\campass\node_modules\@next\swc-linux-arm64-musl
170 silly reify mark deleted [ 'E:\\projects\\campass\\node_modules\\@next\\swc-linux-arm64-musl' ]
171 verbose reify failed optional dependency E:\projects\campass\node_modules\@next\swc-linux-arm64-gnu
172 silly reify mark deleted [ 'E:\\projects\\campass\\node_modules\\@next\\swc-linux-arm64-gnu' ]
173 verbose reify failed optional dependency E:\projects\campass\node_modules\@next\swc-darwin-x64
174 silly reify mark deleted [ 'E:\\projects\\campass\\node_modules\\@next\\swc-darwin-x64' ]
175 verbose reify failed optional dependency E:\projects\campass\node_modules\@next\swc-darwin-arm64
176 silly reify mark deleted [ 'E:\\projects\\campass\\node_modules\\@next\\swc-darwin-arm64' ]
177 verbose reify failed optional dependency E:\projects\campass\node_modules\@img\sharp-win32-ia32
178 silly reify mark deleted [ 'E:\\projects\\campass\\node_modules\\@img\\sharp-win32-ia32' ]
179 verbose reify failed optional dependency E:\projects\campass\node_modules\@img\sharp-win32-arm64
180 silly reify mark deleted [ 'E:\\projects\\campass\\node_modules\\@img\\sharp-win32-arm64' ]
181 verbose reify failed optional dependency E:\projects\campass\node_modules\@img\sharp-wasm32
182 silly reify mark deleted [ 'E:\\projects\\campass\\node_modules\\@img\\sharp-wasm32' ]
183 verbose reify failed optional dependency E:\projects\campass\node_modules\@img\sharp-linuxmusl-x64
184 silly reify mark deleted [ 'E:\\projects\\campass\\node_modules\\@img\\sharp-linuxmusl-x64' ]
185 verbose reify failed optional dependency E:\projects\campass\node_modules\@img\sharp-linuxmusl-arm64
186 silly reify mark deleted [ 'E:\\projects\\campass\\node_modules\\@img\\sharp-linuxmusl-arm64' ]
187 verbose reify failed optional dependency E:\projects\campass\node_modules\@img\sharp-linux-x64
188 silly reify mark deleted [ 'E:\\projects\\campass\\node_modules\\@img\\sharp-linux-x64' ]
189 verbose reify failed optional dependency E:\projects\campass\node_modules\@img\sharp-linux-s390x
190 silly reify mark deleted [ 'E:\\projects\\campass\\node_modules\\@img\\sharp-linux-s390x' ]
191 verbose reify failed optional dependency E:\projects\campass\node_modules\@img\sharp-linux-riscv64
192 silly reify mark deleted [ 'E:\\projects\\campass\\node_modules\\@img\\sharp-linux-riscv64' ]
193 verbose reify failed optional dependency E:\projects\campass\node_modules\@img\sharp-linux-ppc64
194 silly reify mark deleted [ 'E:\\projects\\campass\\node_modules\\@img\\sharp-linux-ppc64' ]
195 verbose reify failed optional dependency E:\projects\campass\node_modules\@img\sharp-linux-arm64
196 silly reify mark deleted [ 'E:\\projects\\campass\\node_modules\\@img\\sharp-linux-arm64' ]
197 verbose reify failed optional dependency E:\projects\campass\node_modules\@img\sharp-linux-arm
198 silly reify mark deleted [ 'E:\\projects\\campass\\node_modules\\@img\\sharp-linux-arm' ]
199 verbose reify failed optional dependency E:\projects\campass\node_modules\@img\sharp-libvips-linuxmusl-x64
200 silly reify mark deleted [
200 silly reify   'E:\\projects\\campass\\node_modules\\@img\\sharp-libvips-linuxmusl-x64'
200 silly reify ]
201 verbose reify failed optional dependency E:\projects\campass\node_modules\@img\sharp-libvips-linuxmusl-arm64
202 silly reify mark deleted [
202 silly reify   'E:\\projects\\campass\\node_modules\\@img\\sharp-libvips-linuxmusl-arm64'
202 silly reify ]
203 verbose reify failed optional dependency E:\projects\campass\node_modules\@img\sharp-libvips-linux-x64
204 silly reify mark deleted [
204 silly reify   'E:\\projects\\campass\\node_modules\\@img\\sharp-libvips-linux-x64'
204 silly reify ]
205 verbose reify failed optional dependency E:\projects\campass\node_modules\@img\sharp-libvips-linux-s390x
206 silly reify mark deleted [
206 silly reify   'E:\\projects\\campass\\node_modules\\@img\\sharp-libvips-linux-s390x'
206 silly reify ]
207 verbose reify failed optional dependency E:\projects\campass\node_modules\@img\sharp-libvips-linux-riscv64
208 silly reify mark deleted [
208 silly reify   'E:\\projects\\campass\\node_modules\\@img\\sharp-libvips-linux-riscv64'
208 silly reify ]
209 verbose reify failed optional dependency E:\projects\campass\node_modules\@img\sharp-libvips-linux-ppc64
210 silly reify mark deleted [
210 silly reify   'E:\\projects\\campass\\node_modules\\@img\\sharp-libvips-linux-ppc64'
210 silly reify ]
211 verbose reify failed optional dependency E:\projects\campass\node_modules\@img\sharp-libvips-linux-arm64
212 silly reify mark deleted [
212 silly reify   'E:\\projects\\campass\\node_modules\\@img\\sharp-libvips-linux-arm64'
212 silly reify ]
213 verbose reify failed optional dependency E:\projects\campass\node_modules\@img\sharp-libvips-linux-arm
214 silly reify mark deleted [
214 silly reify   'E:\\projects\\campass\\node_modules\\@img\\sharp-libvips-linux-arm'
214 silly reify ]
215 verbose reify failed optional dependency E:\projects\campass\node_modules\@img\sharp-libvips-darwin-x64
216 silly reify mark deleted [
216 silly reify   'E:\\projects\\campass\\node_modules\\@img\\sharp-libvips-darwin-x64'
216 silly reify ]
217 verbose reify failed optional dependency E:\projects\campass\node_modules\@img\sharp-libvips-darwin-arm64
218 silly reify mark deleted [
218 silly reify   'E:\\projects\\campass\\node_modules\\@img\\sharp-libvips-darwin-arm64'
218 silly reify ]
219 verbose reify failed optional dependency E:\projects\campass\node_modules\@img\sharp-darwin-x64
220 silly reify mark deleted [ 'E:\\projects\\campass\\node_modules\\@img\\sharp-darwin-x64' ]
221 verbose reify failed optional dependency E:\projects\campass\node_modules\@img\sharp-darwin-arm64
222 silly reify mark deleted [ 'E:\\projects\\campass\\node_modules\\@img\\sharp-darwin-arm64' ]
223 http cache immediate@https://registry.npmjs.org/immediate/-/immediate-3.0.6.tgz 0ms (cache hit)
224 http cache lie@https://registry.npmjs.org/lie/-/lie-3.3.0.tgz 0ms (cache hit)
225 http cache @types/trusted-types@https://registry.npmjs.org/@types/trusted-types/-/trusted-types-2.0.7.tgz 0ms (cache hit)
226 http cache @lit-labs/ssr-dom-shim@https://registry.npmjs.org/@lit-labs/ssr-dom-shim/-/ssr-dom-shim-1.5.1.tgz 0ms (cache hit)
227 http cache lit-html@https://registry.npmjs.org/lit-html/-/lit-html-3.3.2.tgz 0ms (cache hit)
228 http cache is-promise@https://registry.npmjs.org/is-promise/-/is-promise-2.2.2.tgz 0ms (cache hit)
229 http cache lit-element@https://registry.npmjs.org/lit-element/-/lit-element-4.2.2.tgz 0ms (cache hit)
230 http cache @lit/reactive-element@https://registry.npmjs.org/@lit/reactive-element/-/reactive-element-2.1.2.tgz 0ms (cache hit)
231 http cache @monogrid/gainmap-js@https://registry.npmjs.org/@monogrid/gainmap-js/-/gainmap-js-3.4.0.tgz 0ms (cache hit)
232 http cache promise-worker-transferable@https://registry.npmjs.org/promise-worker-transferable/-/promise-worker-transferable-1.0.4.tgz 0ms (cache hit)
233 http cache lit@https://registry.npmjs.org/lit/-/lit-3.3.2.tgz 0ms (cache hit)
234 silly tarball no local data for immediate@https://registry.npmjs.org/immediate/-/immediate-3.0.6.tgz. Extracting by manifest.
235 http cache three@https://registry.npmjs.org/three/-/three-0.182.0.tgz 1ms (cache hit)
236 http cache @google/model-viewer@https://registry.npmjs.org/@google/model-viewer/-/model-viewer-4.2.0.tgz 0ms (cache hit)
237 silly tarball no local data for lie@https://registry.npmjs.org/lie/-/lie-3.3.0.tgz. Extracting by manifest.
238 silly tarball no local data for @types/trusted-types@https://registry.npmjs.org/@types/trusted-types/-/trusted-types-2.0.7.tgz. Extracting by manifest.
239 silly tarball no local data for @lit-labs/ssr-dom-shim@https://registry.npmjs.org/@lit-labs/ssr-dom-shim/-/ssr-dom-shim-1.5.1.tgz. Extracting by manifest.
240 silly tarball no local data for lit-html@https://registry.npmjs.org/lit-html/-/lit-html-3.3.2.tgz. Extracting by manifest.
241 silly tarball no local data for is-promise@https://registry.npmjs.org/is-promise/-/is-promise-2.2.2.tgz. Extracting by manifest.
242 silly tarball no local data for lit-element@https://registry.npmjs.org/lit-element/-/lit-element-4.2.2.tgz. Extracting by manifest.
243 silly tarball no local data for @lit/reactive-element@https://registry.npmjs.org/@lit/reactive-element/-/reactive-element-2.1.2.tgz. Extracting by manifest.
244 silly tarball no local data for @monogrid/gainmap-js@https://registry.npmjs.org/@monogrid/gainmap-js/-/gainmap-js-3.4.0.tgz. Extracting by manifest.
245 silly tarball no local data for promise-worker-transferable@https://registry.npmjs.org/promise-worker-transferable/-/promise-worker-transferable-1.0.4.tgz. Extracting by manifest.
246 silly tarball no local data for lit@https://registry.npmjs.org/lit/-/lit-3.3.2.tgz. Extracting by manifest.
247 silly tarball no local data for three@https://registry.npmjs.org/three/-/three-0.182.0.tgz. Extracting by manifest.
248 silly tarball no local data for @google/model-viewer@https://registry.npmjs.org/@google/model-viewer/-/model-viewer-4.2.0.tgz. Extracting by manifest.
249 http fetch GET 200 https://registry.npmjs.org/immediate/-/immediate-3.0.6.tgz 471ms (cache miss)
250 http fetch GET 200 https://registry.npmjs.org/lie/-/lie-3.3.0.tgz 497ms (cache miss)
251 http fetch GET 200 https://registry.npmjs.org/@types/trusted-types/-/trusted-types-2.0.7.tgz 665ms (cache miss)
252 http fetch POST 200 https://registry.npmjs.org/-/npm/v1/security/advisories/bulk 966ms
253 silly audit report {
253 silly audit report   '@hono/node-server': [
253 silly audit report     {
253 silly audit report       id: 1116281,
253 silly audit report       url: 'https://github.com/advisories/GHSA-92pp-h63x-v22m',
253 silly audit report       title: '@hono/node-server: Middleware bypass via repeated slashes in serveStatic',
253 silly audit report       severity: 'moderate',
253 silly audit report       vulnerable_versions: '<1.19.13',
253 silly audit report       cwe: [Array],
253 silly audit report       cvss: [Object]
253 silly audit report     }
253 silly audit report   ],
253 silly audit report   hono: [
253 silly audit report     {
253 silly audit report       id: 1116669,
253 silly audit report       url: 'https://github.com/advisories/GHSA-458j-xx4x-4375',
253 silly audit report       title: 'hono Improperly Handles JSX Attribute Names Allows HTML Injection in hono/jsx SSR',
253 silly audit report       severity: 'moderate',
253 silly audit report       vulnerable_versions: '<4.12.14',
253 silly audit report       cwe: [Array],
253 silly audit report       cvss: [Object]
253 silly audit report     }
253 silly audit report   ]
253 silly audit report }
254 silly packumentCache corgi:https://registry.npmjs.org/@hono%2fnode-server cache-miss
255 silly packumentCache corgi:https://registry.npmjs.org/hono cache-miss
256 http cache https://registry.npmjs.org/@hono%2fnode-server 21ms (cache hit)
257 silly packumentCache corgi:https://registry.npmjs.org/@hono%2fnode-server set size:86340 disposed:false
258 http cache https://registry.npmjs.org/hono 25ms (cache hit)
259 silly packumentCache corgi:https://registry.npmjs.org/hono set size:687906 disposed:false
260 silly packumentCache corgi:https://registry.npmjs.org/@prisma%2fdev cache-miss
261 http cache https://registry.npmjs.org/@prisma%2fdev 7ms (cache hit)
262 silly packumentCache corgi:https://registry.npmjs.org/@prisma%2fdev set size:960568 disposed:false
263 silly packumentCache corgi:https://registry.npmjs.org/prisma cache-miss
264 http cache https://registry.npmjs.org/prisma 85ms (cache hit)
265 silly packumentCache corgi:https://registry.npmjs.org/prisma set size:22782867 disposed:false
266 silly packumentCache corgi:https://registry.npmjs.org/@prisma%2fclient cache-miss
267 http fetch GET 200 https://registry.npmjs.org/promise-worker-transferable/-/promise-worker-transferable-1.0.4.tgz 1668ms (cache miss)
268 http fetch GET 200 https://registry.npmjs.org/is-promise/-/is-promise-2.2.2.tgz 1684ms (cache miss)
269 http cache https://registry.npmjs.org/@prisma%2fclient 299ms (cache hit)
270 silly packumentCache corgi:https://registry.npmjs.org/@prisma%2fclient set size:37761997 disposed:false
271 http fetch GET 200 https://registry.npmjs.org/@lit-labs/ssr-dom-shim/-/ssr-dom-shim-1.5.1.tgz 2316ms (cache miss)
272 http fetch GET 200 https://registry.npmjs.org/lit-element/-/lit-element-4.2.2.tgz 2445ms (cache miss)
273 http fetch GET 200 https://registry.npmjs.org/lit/-/lit-3.3.2.tgz 2734ms (cache miss)
274 http fetch GET 200 https://registry.npmjs.org/@monogrid/gainmap-js/-/gainmap-js-3.4.0.tgz 3694ms (cache miss)
275 http fetch GET 200 https://registry.npmjs.org/lit-html/-/lit-html-3.3.2.tgz 4741ms (cache miss)
276 http fetch GET 200 https://registry.npmjs.org/@lit/reactive-element/-/reactive-element-2.1.2.tgz 6773ms (cache miss)
277 http fetch GET 200 https://registry.npmjs.org/three/-/three-0.182.0.tgz 6800ms (cache miss)
278 http fetch GET 200 https://registry.npmjs.org/@google/model-viewer/-/model-viewer-4.2.0.tgz 31341ms (cache miss)
279 silly ADD node_modules/immediate
280 silly ADD node_modules/lie
281 silly ADD node_modules/is-promise
282 silly ADD node_modules/@types/trusted-types
283 silly ADD node_modules/@lit-labs/ssr-dom-shim
284 silly ADD node_modules/lit-html
285 silly ADD node_modules/lit-element
286 silly ADD node_modules/@lit/reactive-element
287 silly ADD node_modules/promise-worker-transferable
288 silly ADD node_modules/lit
289 silly ADD node_modules/@monogrid/gainmap-js
290 silly ADD node_modules/three
291 silly ADD node_modules/@google/model-viewer
292 silly ADD
293 silly ADD
294 silly ADD
295 silly ADD
296 silly ADD
297 silly ADD
298 silly ADD
299 silly ADD
300 silly ADD
301 silly ADD
302 silly ADD
303 silly ADD
304 silly ADD
305 silly ADD
306 silly ADD
307 silly ADD
308 silly ADD
309 silly ADD
310 silly ADD
311 silly ADD
312 silly ADD
313 silly ADD
314 silly ADD
315 silly ADD
316 silly ADD
317 silly ADD
318 silly ADD
319 silly ADD
320 silly ADD
321 silly ADD
322 silly ADD
323 silly ADD
324 silly ADD
325 silly ADD
326 silly ADD
327 silly ADD
328 silly ADD
329 silly ADD
330 silly ADD
331 silly ADD
332 silly ADD
333 silly ADD
334 silly ADD
335 silly ADD
336 silly ADD
337 silly ADD
338 silly ADD
339 silly ADD
340 silly ADD
341 silly ADD
342 silly ADD
343 silly ADD
344 silly ADD
345 silly ADD
346 silly ADD
347 silly ADD
348 silly ADD
349 silly ADD
350 silly ADD
351 silly ADD
352 silly ADD
353 silly ADD
354 silly ADD
355 silly ADD
356 silly ADD
357 silly ADD
358 silly ADD
359 silly ADD
360 silly ADD
361 verbose cwd E:\projects\campass
362 verbose os Windows_NT 10.0.26200
363 verbose node v22.16.0
364 verbose npm  v10.9.2
365 verbose exit 0
366 info ok
